GET / 404 139 - 1.686 ms
GET /api/persons 200 223 - 1.442 ms
GET /api/persons 304 - - 0.407 ms
GET /favicon.ico 404 150 - 0.433 ms
GET /api/persons/1 200 51 - 0.963 ms
POST /localhost:3001/api/persons 404 166 - 0.094 ms
GET /api/persons 304 - - 0.205 ms
POST /api/persons 200 50 - 0.342 ms
GET /api/persons 200 274 - 0.290 ms
POST /api/persons 200 50 - 0.163 ms
POST /api/persons 400 27 - 0.247 ms
POST /api/persons 400 31 - 0.186 ms
DELETE /api/persons/1 204 - - 0.158 ms
GET /api/persons 200 273 - 0.193 ms
GET /api/persons 200 273 - 0.243 ms
GET /api/persons 304 - - 0.225 ms
GET /api/persons 200 223 - 1.726 ms
GET /persons 404 146 - 0.957 ms
GET /persons 404 146 - 0.354 ms
GET /api/persons 304 - - 0.372 ms
GET /api/persons 304 - - 0.175 ms
GET /api/persons 304 - - 0.207 ms
GET /api/persons 304 - - 0.230 ms
POST /api/persons 200 50 - 0.637 ms
POST /api/persons 200 50 - 0.244 ms
GET /api/persons 200 325 - 0.230 ms
POST /api/persons 400 27 - 0.220 ms
DELETE /api/persons/77 204 - - 0.262 ms
GET /api/persons 200 274 - 0.191 ms
GET / 200 2219 - 3.094 ms
GET /static/css/main.241de4ea.chunk.css 200 172 - 0.859 ms
GET /static/js/2.3892dfb1.chunk.js 200 147782 - 0.801 ms
GET /static/js/main.d9b8aa11.chunk.js 200 3162 - 0.912 ms
GET /api/persons 200 223 - 1.809 ms
GET /manifest.json 200 492 - 0.485 ms
GET /logo192.png 200 5347 - 0.331 ms
POST /api/persons 200 50 - 0.350 ms
GET / 304 - - 0.825 ms
GET /static/js/main.d9b8aa11.chunk.js 304 - - 0.783 ms
GET /static/css/main.241de4ea.chunk.css 304 - - 0.750 ms
GET /static/js/2.3892dfb1.chunk.js 304 - - 0.746 ms
GET /api/persons 200 274 - 0.389 ms
GET /manifest.json 304 - - 0.369 ms
GET /logo192.png 304 - - 0.207 ms
GET /api/persons 200 223 - 2.686 ms
GET / 200 2219 - 2.530 ms
GET /static/css/main.241de4ea.chunk.css 200 172 - 1.783 ms
GET /static/js/main.d9b8aa11.chunk.js 200 3162 - 0.903 ms
GET /static/js/2.3892dfb1.chunk.js 200 147782 - 1.509 ms
GET /api/persons 200 163 - 23.412 ms
GET /manifest.json 200 492 - 0.666 ms
GET /favicon.ico 200 3870 - 0.770 ms
GET /logo192.png 200 5347 - 0.400 ms
POST /api/persons 200 41 - 0.284 ms
GET / 304 - - 2.343 ms
GET /static/css/main.241de4ea.chunk.css 304 - - 1.125 ms
GET /static/js/2.3892dfb1.chunk.js 304 - - 0.737 ms
GET /static/js/main.d9b8aa11.chunk.js 304 - - 0.397 ms
GET /api/persons 200 163 - 17.759 ms
GET /favicon.ico 200 3870 - 0.474 ms
GET /manifest.json 304 - - 0.256 ms
GET /logo192.png 304 - - 0.184 ms
POST /api/persons 200 37 - 0.199 ms
GET / 304 - - 0.345 ms
GET /static/css/main.241de4ea.chunk.css 304 - - 0.503 ms
GET /static/js/2.3892dfb1.chunk.js 304 - - 0.788 ms
GET /static/js/main.d9b8aa11.chunk.js 304 - - 0.503 ms
GET /api/persons 200 163 - 24.857 ms
GET /favicon.ico 200 3870 - 0.420 ms
GET /manifest.json 304 - - 0.287 ms
GET /logo192.png 304 - - 0.190 ms
GET /api/persons 304 - - 17.132 ms
GET /manifest.json 304 - - 0.383 ms
GET /logo192.png 304 - - 0.244 ms
GET / 304 - - 0.290 ms
GET /static/css/main.241de4ea.chunk.css 304 - - 0.664 ms
GET /static/js/2.3892dfb1.chunk.js 304 - - 0.626 ms
GET /static/js/main.d9b8aa11.chunk.js 304 - - 0.339 ms
GET /api/persons 304 - - 16.703 ms
GET /favicon.ico 200 3870 - 0.423 ms
GET /manifest.json 304 - - 0.289 ms
GET /logo192.png 304 - - 0.176 ms
POST /api/persons 200 42 - 0.192 ms
GET / 304 - - 0.280 ms
GET /static/css/main.241de4ea.chunk.css 304 - - 0.911 ms
GET /static/js/2.3892dfb1.chunk.js 304 - - 0.777 ms
GET /static/js/main.d9b8aa11.chunk.js 304 - - 0.593 ms
GET /api/persons 200 163 - 14.377 ms
GET /favicon.ico 200 3870 - 0.457 ms
GET /manifest.json 304 - - 0.277 ms
GET /logo192.png 304 - - 0.176 ms
GET /api/persons 304 - - 13.283 ms
GET /manifest.json 304 - - 0.317 ms
GET /logo192.png 304 - - 0.162 ms
GET /api/persons 304 - - 22.101 ms
GET /manifest.json 304 - - 0.263 ms
GET /logo192.png 304 - - 0.168 ms
POST /api/persons 200 37 - 0.169 ms
GET / 304 - - 0.261 ms
GET /static/css/main.241de4ea.chunk.css 304 - - 0.651 ms
GET /static/js/2.3892dfb1.chunk.js 304 - - 0.618 ms
GET /static/js/main.d9b8aa11.chunk.js 304 - - 0.393 ms
GET /api/persons 200 163 - 16.390 ms
GET /favicon.ico 200 3870 - 0.509 ms
GET /manifest.json 304 - - 0.284 ms
GET /logo192.png 304 - - 0.548 ms
GET / 304 - - 0.278 ms
GET /static/css/main.241de4ea.chunk.css 304 - - 0.583 ms
GET /static/js/2.3892dfb1.chunk.js 304 - - 0.549 ms
GET /static/js/main.d9b8aa11.chunk.js 304 - - 0.542 ms
GET /api/persons 304 - - 14.191 ms
GET /favicon.ico 200 3870 - 0.467 ms
GET /manifest.json 304 - - 0.263 ms
GET /logo192.png 304 - - 0.171 ms
GET / 304 - - 0.262 ms
GET /static/css/main.241de4ea.chunk.css 304 - - 0.584 ms
GET /static/js/2.3892dfb1.chunk.js 304 - - 0.557 ms
GET /static/js/main.d9b8aa11.chunk.js 304 - - 0.541 ms
GET /api/persons 304 - - 14.070 ms
GET /favicon.ico 200 3870 - 0.798 ms
GET /manifest.json 304 - - 0.224 ms
GET /logo192.png 304 - - 0.180 ms
GET /api/persons 304 - - 13.958 ms
GET / 304 - - 1.949 ms
GET /static/css/main.241de4ea.chunk.css 304 - - 1.274 ms
GET /static/js/2.3892dfb1.chunk.js 304 - - 1.002 ms
GET /static/js/main.d9b8aa11.chunk.js 304 - - 0.778 ms
GET /api/persons 304 - - 28.368 ms
GET /manifest.json 304 - - 0.372 ms
GET /logo192.png 304 - - 0.220 ms
GET /api/persons 304 - - 17.128 ms
GET / 304 - - 0.536 ms
GET /static/css/main.241de4ea.chunk.css 304 - - 0.524 ms
GET /static/js/2.3892dfb1.chunk.js 304 - - 0.239 ms
GET /static/js/main.d9b8aa11.chunk.js 304 - - 0.209 ms
GET /api/persons 304 - - 32.084 ms
GET /manifest.json 304 - - 0.267 ms
GET /logo192.png 304 - - 0.177 ms
GET / 304 - - 1.982 ms
GET /static/css/main.241de4ea.chunk.css 304 - - 1.103 ms
GET /static/js/2.3892dfb1.chunk.js 304 - - 0.724 ms
GET /static/js/main.d9b8aa11.chunk.js 304 - - 0.248 ms
GET /manifest.json 304 - - 0.321 ms
GET /logo192.png 304 - - 0.211 ms
GET /static/css/main.241de4ea.chunk.css 304 - - 0.712 ms
GET /manifest.json 304 - - 0.803 ms
GET /static/js/main.d9b8aa11.chunk.js.map 200 8602 - 2.524 ms
GET /static/css/main.241de4ea.chunk.css.map 200 412 - 0.736 ms
GET /static/js/2.3892dfb1.chunk.js.map 200 399222 - 2.257 ms
GET / 304 - - 1.436 ms
GET /api/persons - - - - ms
GET /static/css/main.241de4ea.chunk.css 304 - - 0.919 ms
GET /static/js/2.3892dfb1.chunk.js 304 - - 0.837 ms
GET /static/js/main.d9b8aa11.chunk.js 304 - - 0.793 ms
GET /static/css/main.241de4ea.chunk.css.map 200 412 - 1.056 ms
GET /static/js/2.3892dfb1.chunk.js.map 200 399222 - 0.378 ms
GET /static/js/main.d9b8aa11.chunk.js.map 200 8602 - 0.460 ms
GET /favicon.ico 200 3870 - 0.632 ms
GET /manifest.json 304 - - 0.382 ms
GET /logo192.png 304 - - 0.201 ms
GET / 304 - - 0.551 ms
GET /api/persons - - - - ms
GET /static/css/main.241de4ea.chunk.css 304 - - 0.841 ms
GET /static/js/main.d9b8aa11.chunk.js 304 - - 0.853 ms
GET /static/js/2.3892dfb1.chunk.js 304 - - 0.876 ms
GET /static/css/main.241de4ea.chunk.css.map 200 412 - 0.711 ms
GET /static/js/2.3892dfb1.chunk.js.map 200 399222 - 0.353 ms
GET /static/js/main.d9b8aa11.chunk.js.map 200 8602 - 0.373 ms
GET /favicon.ico 200 3870 - 0.789 ms
GET /manifest.json 304 - - 0.305 ms
GET /logo192.png 304 - - 0.223 ms
GET / 304 - - 2.237 ms
GET /static/css/main.241de4ea.chunk.css 304 - - 1.442 ms
GET /static/js/2.3892dfb1.chunk.js 304 - - 0.887 ms
GET /static/js/main.d9b8aa11.chunk.js 304 - - 0.831 ms
GET /static/css/main.241de4ea.chunk.css.map 200 412 - 1.121 ms
GET /static/js/2.3892dfb1.chunk.js.map 200 399222 - 0.402 ms
GET /static/js/main.d9b8aa11.chunk.js.map 200 8602 - 0.560 ms
GET /api/persons 200 163 - 21.829 ms
GET /favicon.ico 200 3870 - 0.452 ms
GET /manifest.json 304 - - 0.339 ms
GET /logo192.png 304 - - 0.246 ms
GET /api/persons 304 - - 51.833 ms
GET /api/persons 304 - - 94.278 ms
GET /favicon.ico 200 3870 - 1.648 ms
GET /api/persons 304 - - 12.155 ms
GET /favicon.ico 200 3870 - 0.519 ms
GET /api/persons - - - - ms
GET /api/persons - - - - ms
GET /api/persons - - - - ms
GET /api/persons 200 163 - 28.765 ms
GET /favicon.ico 200 3870 - 1.591 ms
GET /api/persons 304 - - 13.293 ms
GET /favicon.ico 200 3870 - 0.615 ms
GET /api/persons 304 - - 23.474 ms
GET /favicon.ico 200 3870 - 1.657 ms
GET /api/persons 304 - - 21.337 ms
GET /favicon.ico 200 3870 - 1.653 ms
GET /api/persons 304 - - 21.096 ms
GET /favicon.ico 200 3870 - 1.634 ms
GET / 304 - - 0.677 ms
GET /static/css/main.241de4ea.chunk.css 304 - - 0.783 ms
GET /static/js/2.3892dfb1.chunk.js 304 - - 0.870 ms
GET /static/js/main.d9b8aa11.chunk.js 304 - - 0.245 ms
GET /static/css/main.241de4ea.chunk.css.map 200 412 - 0.541 ms
GET /static/js/main.d9b8aa11.chunk.js.map 200 8602 - 0.970 ms
GET /static/js/2.3892dfb1.chunk.js.map 200 399222 - 0.904 ms
GET /api/persons 304 - - 13.845 ms
GET /manifest.json 304 - - 0.340 ms
GET /logo192.png 304 - - 0.211 ms
GET /api/persons 200 161 - 64.251 ms
GET /api/persons 304 - - 13.093 ms
GET /favicon.ico 200 3870 - 1.605 ms
GET /api/persons 200 145 - 21.954 ms
GET /favicon.ico 200 3870 - 1.884 ms
